<?xml version="1.0" encoding="UTF-8"?>
<testng-results skipped="0" failed="0" ignored="0" total="1" passed="1">
  <reporter-output>
  </reporter-output>
  <suite name="Suite" duration-ms="49" started-at="2017-12-06T19:37:07Z" finished-at="2017-12-06T19:37:07Z">
    <groups>
    </groups>
    <test name="Test" duration-ms="49" started-at="2017-12-06T19:37:07Z" finished-at="2017-12-06T19:37:07Z">
      <class name="com.testng.NewTest">
        <test-method status="PASS" signature="f()[pri:0, instance:com.testng.NewTest@4590c9c3]" name="f" duration-ms="16" started-at="2017-12-07T01:07:07Z" finished-at="2017-12-07T01:07:07Z">
          <reporter-output>
          </reporter-output>
        </test-method> <!-- f -->
      </class> <!-- com.testng.NewTest -->
    </test> <!-- Test -->
  </suite> <!-- Suite -->
</testng-results>
